<?xml version="1.0" encoding="UTF-8"?>
<!-- Generated by org.testng.reporters.JUnitReportReporter -->
<testsuite hostname="DESKTOP-F95BMJT" failures="0" tests="3" name="com.uaisel.E_Commerce_POM.home.TC001_CustomerRegistration" time="19.487" errors="0" timestamp="2024-06-21T12:11:23 IST" skipped="0">
  <testcase classname="com.uaisel.E_Commerce_POM.home.TC001_CustomerRegistration" name="hmsLogout" time="0.017"/>
  <system-out/>
  <testcase classname="com.uaisel.E_Commerce_POM.home.TC001_CustomerRegistration" name="hmsLogin" time="0.009"/>
  <system-out/>
  <testcase classname="com.uaisel.E_Commerce_POM.home.TC001_CustomerRegistration" name="customerRegistration" time="19.461"/>
  <system-out/>
</testsuite> <!-- com.uaisel.E_Commerce_POM.home.TC001_CustomerRegistration -->
