<?xml version="1.0" encoding="UTF-8"?>
<!-- Generated by org.testng.reporters.JUnitReportReporter -->
<testsuite hostname="DESKTOP-F95BMJT" failures="0" tests="1" name="com.uaisel.E_Commerce_POM.AppTest" time="0.008" errors="0" timestamp="2024-06-20T08:11:19 IST" skipped="0">
  <testcase classname="com.uaisel.E_Commerce_POM.AppTest" name="testApp" time="0.008"/>
</testsuite> <!-- com.uaisel.E_Commerce_POM.AppTest -->
