<?xml version="1.0" encoding="UTF-8"?>
<!-- Generated by org.testng.reporters.JUnitReportReporter -->
<testsuite hostname="DESKTOP-F95BMJT" failures="0" tests="3" name="com.uaisel.ecommerce.home.TC001_customerRegistration" time="21.224" errors="0" timestamp="2024-06-13T17:16:04 IST" skipped="0">
  <testcase classname="com.uaisel.ecommerce.home.TC001_customerRegistration" name="customerRegistration" time="21.192"/>
  <system-out/>
  <testcase classname="com.uaisel.ecommerce.home.TC001_customerRegistration" name="hmsLogout" time="0.006"/>
  <system-out/>
  <testcase classname="com.uaisel.ecommerce.home.TC001_customerRegistration" name="hmsLogin" time="0.026"/>
  <system-out/>
</testsuite> <!-- com.uaisel.ecommerce.home.TC001_customerRegistration -->
